<?xml version="1.0" encoding="UTF-8"?>
<testsuite xmlns:xsi="http://www.w3.org/2001/XMLSchema-instance" xsi:noNamespaceSchemaLocation="https://maven.apache.org/surefire/maven-surefire-plugin/xsd/surefire-test-report-3.0.xsd" version="3.0" name="cl.sanosysalvos.orquestador.security.JwtTokenProviderTest" time="1.62" tests="8" errors="0" skipped="0" failures="0">
  <properties>
[...]
</properties>
  <testcase name="getEmail_tokenValido_retornaEmail" classname="cl.sanosysalvos.orquestador.security.JwtTokenProviderTest" time="1.586"/>
  <testcase name="validateToken_tokenVacio_retornaFalse" classname="cl.sanosysalvos.orquestador.security.JwtTokenProviderTest" time="0.008">
    <system-out><![CDATA[23:03:40.688 [main] WARN cl.sanosysalvos.orquestador.security.JwtTokenProvider -- JWT inválido: CharSequence cannot be null or empty.
]]></system-out>
  </testcase>
  <testcase name="validateToken_firmaDiferente_retornaFalse" classname="cl.sanosysalvos.orquestador.security.JwtTokenProviderTest" time="0.003">
    <system-out><![CDATA[23:03:40.697 [main] WARN cl.sanosysalvos.orquestador.security.JwtTokenProvider -- JWT inválido: JWT signature does not match locally computed signature. JWT validity cannot be asserted and should not be trusted.
]]></system-out>
  </testcase>
  <testcase name="validateToken_tokenInvalido_retornaFalse" classname="cl.sanosysalvos.orquestador.security.JwtTokenProviderTest" time="0.003">
    <system-out><![CDATA[23:03:40.701 [main] WARN cl.sanosysalvos.orquestador.security.JwtTokenProvider -- JWT inválido: Malformed protected header JSON: Unable to deserialize: Unrecognized token 'z': was expecting (JSON String, Number, Array, Object or token 'null', 'true' or 'false')
 at [Source: REDACTED (`StreamReadFeature.INCLUDE_SOURCE_IN_LOCATION` disabled); line: 1, column: 2]
]]></system-out>
  </testcase>
  <testcase name="validateToken_tokenExpirado_retornaFalse" classname="cl.sanosysalvos.orquestador.security.JwtTokenProviderTest" time="0.007">
    <system-out><![CDATA[23:03:40.708 [main] WARN cl.sanosysalvos.orquestador.security.JwtTokenProvider -- JWT expirado
]]></system-out>
  </testcase>
  <testcase name="getUserId_tokenValido_retornaUUID" classname="cl.sanosysalvos.orquestador.security.JwtTokenProviderTest" time="0.002"/>
  <testcase name="getName_tokenValido_retornaName" classname="cl.sanosysalvos.orquestador.security.JwtTokenProviderTest" time="0.001"/>
  <testcase name="validateToken_tokenValido_retornaTrue" classname="cl.sanosysalvos.orquestador.security.JwtTokenProviderTest" time="0.002"/>
</testsuite>